This is pdfTeX, Version 3.141592653-2.6-1.40.28 (MiKTeX 25.12) (preloaded format=pdflatex 2026.1.10)  13 JAN 2026 00:42
entering extended mode
 restricted \write18 enabled.
 %&-line parsing enabled.
**./main.tex
(main.tex
LaTeX2e <2025-11-01>
L3 programming layer <2025-12-24>

(C:\Users\Niclas Schwalbe\AppData\Local\Programs\MiKTeX\tex/latex/base\article.
cls
Document Class: article 2025/01/22 v1.4n Standard LaTeX document class

(C:\Users\Niclas Schwalbe\AppData\Local\Programs\MiKTeX\tex/latex/base\size11.c
lo
File: size11.clo 2025/01/22 v1.4n Standard LaTeX file (size option)
)
\c@part=\count275
\c@section=\count276
\c@subsection=\count277
\c@subsubsection=\count278
\c@paragraph=\count279
\c@subparagraph=\count280
\c@figure=\count281
\c@table=\count282
\abovecaptionskip=\skip49
\belowcaptionskip=\skip50
\bibindent=\dimen148
)
(C:\Users\Niclas Schwalbe\AppData\Local\Programs\MiKTeX\tex/latex/geometry\geom
etry.sty
Package: geometry 2020/01/02 v5.9 Page Geometry

(C:\Users\Niclas Schwalbe\AppData\Local\Programs\MiKTeX\tex/latex/graphics\keyv
al.sty
Package: keyval 2022/05/29 v1.15 key=value parser (DPC)
\KV@toks@=\toks17
)
(C:\Users\Niclas Schwalbe\AppData\Local\Programs\MiKTeX\tex/generic/iftex\ifvte
x.sty
Package: ifvtex 2019/10/25 v1.7 ifvtex legacy package. Use iftex instead.

(C:\Users\Niclas Schwalbe\AppData\Local\Programs\MiKTeX\tex/generic/iftex\iftex
.sty
Package: iftex 2024/12/12 v1.0g TeX engine tests
))
\Gm@cnth=\count283
\Gm@cntv=\count284
\c@Gm@tempcnt=\count285
\Gm@bindingoffset=\dimen149
\Gm@wd@mp=\dimen150
\Gm@odd@mp=\dimen151
\Gm@even@mp=\dimen152
\Gm@layoutwidth=\dimen153
\Gm@layoutheight=\dimen154
\Gm@layouthoffset=\dimen155
\Gm@layoutvoffset=\dimen156
\Gm@dimlist=\toks18

(C:\Users\Niclas Schwalbe\AppData\Local\Programs\MiKTeX\tex/latex/geometry\geom
etry.cfg))
(C:\Users\Niclas Schwalbe\AppData\Local\Programs\MiKTeX\tex/latex/base\fontenc.
sty
Package: fontenc 2025/07/18 v2.1d Standard LaTeX package
)
(C:\Users\Niclas Schwalbe\AppData\Local\Programs\MiKTeX\tex/latex/base\inputenc
.sty
Package: inputenc 2024/02/08 v1.3d Input encoding file
\inpenc@prehook=\toks19
\inpenc@posthook=\toks20
)
(C:\Users\Niclas Schwalbe\AppData\Local\Programs\MiKTeX\tex/generic/babel\babel
.sty
Package: babel 2025/12/11 v25.17 The multilingual framework for LuaLaTeX, pdfLa
TeX and XeLaTeX
\babel@savecnt=\count286
LaTeX Encoding Info:    Redeclaring text command \ij (encoding OT1) on input li
ne 2068.
LaTeX Encoding Info:    Redeclaring text command \IJ (encoding OT1) on input li
ne 2070.
LaTeX Encoding Info:    Redeclaring text command \ij (encoding T1) on input lin
e 2072.
LaTeX Encoding Info:    Redeclaring text command \IJ (encoding T1) on input lin
e 2073.
LaTeX Encoding Info:    Ignoring declaration for text command \ij (encoding ?) 
on input line 2074.
LaTeX Encoding Info:    Ignoring declaration for text command \IJ (encoding ?) 
on input line 2076.
LaTeX Encoding Info:    Ignoring declaration for text command \SS (encoding ?) 
on input line 2101.
\U@D=\dimen157
\l@unhyphenated=\language79

(C:\Users\Niclas Schwalbe\AppData\Local\Programs\MiKTeX\tex/generic/babel\txtba
bel.def)
\bbl@readstream=\read2
\bbl@dirlevel=\count287
Package babel Info: Configuration files are deprecated, as
(babel)             they can break document portability.
(babel)             Reported on input line 4196.

*************************************
* Local config file bblopts.cfg used
*

(C:\Users\Niclas Schwalbe\AppData\Local\Programs\MiKTeX\tex/latex/arabi\bblopts
.cfg
File: bblopts.cfg 2005/09/08 v0.1 add Arabic and Farsi to "declared" options of
 babel
)
(C:\Users\Niclas Schwalbe\AppData\Local\Programs\MiKTeX\tex/generic/babel/local
e/invalid\babel-ngerman.tex)
Package babel Info: Importing font and identification data for ngerman
(babel)             from babel-de.ini. Reported on input line 4320.

(C:\Users\Niclas Schwalbe\AppData\Local\Programs\MiKTeX\tex/latex/babel-german\
ngerman.ldf
Language: ngerman 2024/12/10 v2.15 German support for babel (post-1996 orthogra
phy)

(C:\Users\Niclas Schwalbe\AppData\Local\Programs\MiKTeX\tex/latex/babel-german\
ngermanb.ldf
Language: ngermanb 2024/12/10 v2.15 German support for babel (post-1996 orthogr
aphy)
Package babel Info: Making " an active character on input line 122.
)))
(C:\Users\Niclas Schwalbe\AppData\Local\Programs\MiKTeX\tex/latex/lm\lmodern.st
y
Package: lmodern 2015/05/01 v1.6.1 Latin Modern Fonts
LaTeX Font Info:    Overwriting symbol font `operators' in version `normal'
(Font)                  OT1/cmr/m/n --> OT1/lmr/m/n on input line 22.
LaTeX Font Info:    Overwriting symbol font `letters' in version `normal'
(Font)                  OML/cmm/m/it --> OML/lmm/m/it on input line 23.
LaTeX Font Info:    Overwriting symbol font `symbols' in version `normal'
(Font)                  OMS/cmsy/m/n --> OMS/lmsy/m/n on input line 24.
LaTeX Font Info:    Overwriting symbol font `largesymbols' in version `normal'
(Font)                  OMX/cmex/m/n --> OMX/lmex/m/n on input line 25.
LaTeX Font Info:    Overwriting symbol font `operators' in version `bold'
(Font)                  OT1/cmr/bx/n --> OT1/lmr/bx/n on input line 26.
LaTeX Font Info:    Overwriting symbol font `letters' in version `bold'
(Font)                  OML/cmm/b/it --> OML/lmm/b/it on input line 27.
LaTeX Font Info:    Overwriting symbol font `symbols' in version `bold'
(Font)                  OMS/cmsy/b/n --> OMS/lmsy/b/n on input line 28.
LaTeX Font Info:    Overwriting symbol font `largesymbols' in version `bold'
(Font)                  OMX/cmex/m/n --> OMX/lmex/m/n on input line 29.
LaTeX Font Info:    Overwriting math alphabet `\mathbf' in version `normal'
(Font)                  OT1/cmr/bx/n --> OT1/lmr/bx/n on input line 31.
LaTeX Font Info:    Overwriting math alphabet `\mathsf' in version `normal'
(Font)                  OT1/cmss/m/n --> OT1/lmss/m/n on input line 32.
LaTeX Font Info:    Overwriting math alphabet `\mathit' in version `normal'
(Font)                  OT1/cmr/m/it --> OT1/lmr/m/it on input line 33.
LaTeX Font Info:    Overwriting math alphabet `\mathtt' in version `normal'
(Font)                  OT1/cmtt/m/n --> OT1/lmtt/m/n on input line 34.
LaTeX Font Info:    Overwriting math alphabet `\mathbf' in version `bold'
(Font)                  OT1/cmr/bx/n --> OT1/lmr/bx/n on input line 35.
LaTeX Font Info:    Overwriting math alphabet `\mathsf' in version `bold'
(Font)                  OT1/cmss/bx/n --> OT1/lmss/bx/n on input line 36.
LaTeX Font Info:    Overwriting math alphabet `\mathit' in version `bold'
(Font)                  OT1/cmr/bx/it --> OT1/lmr/bx/it on input line 37.
LaTeX Font Info:    Overwriting math alphabet `\mathtt' in version `bold'
(Font)                  OT1/cmtt/m/n --> OT1/lmtt/m/n on input line 38.
)
(C:\Users\Niclas Schwalbe\AppData\Local\Programs\MiKTeX\tex/latex/microtype\mic
rotype.sty
Package: microtype 2025/07/09 v3.2b Micro-typographical refinements (RS)

(C:\Users\Niclas Schwalbe\AppData\Local\Programs\MiKTeX\tex/latex/etoolbox\etoo
lbox.sty
Package: etoolbox 2025/10/02 v2.5m e-TeX tools for LaTeX (JAW)
\etb@tempcnta=\count288
)
\MT@toks=\toks21
\MT@tempbox=\box53
\MT@count=\count289
LaTeX Info: Redefining \noprotrusionifhmode on input line 1087.
LaTeX Info: Redefining \leftprotrusion on input line 1088.
\MT@prot@toks=\toks22
LaTeX Info: Redefining \rightprotrusion on input line 1107.
LaTeX Info: Redefining \textls on input line 1449.
\MT@outer@kern=\dimen158
LaTeX Info: Redefining \microtypecontext on input line 2053.
LaTeX Info: Redefining \textmicrotypecontext on input line 2070.
\MT@listname@count=\count290

(C:\Users\Niclas Schwalbe\AppData\Local\Programs\MiKTeX\tex/latex/microtype\mic
rotype-pdftex.def
File: microtype-pdftex.def 2025/07/09 v3.2b Definitions specific to pdftex (RS)

LaTeX Info: Redefining \lsstyle on input line 944.
LaTeX Info: Redefining \lslig on input line 944.
\MT@outer@space=\skip51
)
Package microtype Info: Loading configuration file microtype.cfg.

(C:\Users\Niclas Schwalbe\AppData\Local\Programs\MiKTeX\tex/latex/microtype\mic
rotype.cfg
File: microtype.cfg 2025/07/09 v3.2b microtype main configuration file (RS)
)
LaTeX Info: Redefining \microtypesetup on input line 3065.
)
(C:\Users\Niclas Schwalbe\AppData\Local\Programs\MiKTeX\tex/latex/amsmath\amsma
th.sty
Package: amsmath 2025/07/09 v2.17z AMS math features
\@mathmargin=\skip52

For additional information on amsmath, use the `?' option.

(C:\Users\Niclas Schwalbe\AppData\Local\Programs\MiKTeX\tex/latex/amsmath\amste
xt.sty
Package: amstext 2024/11/17 v2.01 AMS text

(C:\Users\Niclas Schwalbe\AppData\Local\Programs\MiKTeX\tex/latex/amsmath\amsge
n.sty
File: amsgen.sty 1999/11/30 v2.0 generic functions
\@emptytoks=\toks23
\ex@=\dimen159
))
(C:\Users\Niclas Schwalbe\AppData\Local\Programs\MiKTeX\tex/latex/amsmath\amsbs
y.sty
Package: amsbsy 1999/11/29 v1.2d Bold Symbols
\pmbraise@=\dimen160
)
(C:\Users\Niclas Schwalbe\AppData\Local\Programs\MiKTeX\tex/latex/amsmath\amsop
n.sty
Package: amsopn 2022/04/08 v2.04 operator names
)
\inf@bad=\count291
LaTeX Info: Redefining \frac on input line 233.
\uproot@=\count292
\leftroot@=\count293
LaTeX Info: Redefining \overline on input line 398.
LaTeX Info: Redefining \colon on input line 409.
\classnum@=\count294
\DOTSCASE@=\count295
LaTeX Info: Redefining \ldots on input line 495.
LaTeX Info: Redefining \dots on input line 498.
LaTeX Info: Redefining \cdots on input line 619.
\Mathstrutbox@=\box54
\strutbox@=\box55
LaTeX Info: Redefining \big on input line 721.
LaTeX Info: Redefining \Big on input line 722.
LaTeX Info: Redefining \bigg on input line 723.
LaTeX Info: Redefining \Bigg on input line 724.
\big@size=\dimen161
LaTeX Font Info:    Redeclaring font encoding OML on input line 742.
LaTeX Font Info:    Redeclaring font encoding OMS on input line 743.
\macc@depth=\count296
LaTeX Info: Redefining \bmod on input line 904.
LaTeX Info: Redefining \pmod on input line 909.
LaTeX Info: Redefining \smash on input line 939.
LaTeX Info: Redefining \relbar on input line 969.
LaTeX Info: Redefining \Relbar on input line 970.
\c@MaxMatrixCols=\count297
\dotsspace@=\muskip17
\c@parentequation=\count298
\dspbrk@lvl=\count299
\tag@help=\toks24
\row@=\count300
\column@=\count301
\maxfields@=\count302
\andhelp@=\toks25
\eqnshift@=\dimen162
\alignsep@=\dimen163
\tagshift@=\dimen164
\tagwidth@=\dimen165
\totwidth@=\dimen166
\lineht@=\dimen167
\@envbody=\toks26
\multlinegap=\skip53
\multlinetaggap=\skip54
\mathdisplay@stack=\toks27
LaTeX Info: Redefining \[ on input line 2950.
LaTeX Info: Redefining \] on input line 2951.
)
(C:\Users\Niclas Schwalbe\AppData\Local\Programs\MiKTeX\tex/latex/amsfonts\amss
ymb.sty
Package: amssymb 2013/01/14 v3.01 AMS font symbols

(C:\Users\Niclas Schwalbe\AppData\Local\Programs\MiKTeX\tex/latex/amsfonts\amsf
onts.sty
Package: amsfonts 2013/01/14 v3.01 Basic AMSFonts support
\symAMSa=\mathgroup4
\symAMSb=\mathgroup5
LaTeX Font Info:    Redeclaring math symbol \hbar on input line 98.
LaTeX Font Info:    Overwriting math alphabet `\mathfrak' in version `bold'
(Font)                  U/euf/m/n --> U/euf/b/n on input line 106.
))
(C:\Users\Niclas Schwalbe\AppData\Local\Programs\MiKTeX\tex/latex/mathtools\mat
htools.sty
Package: mathtools 2024/10/04 v1.31 mathematical typesetting tools

(C:\Users\Niclas Schwalbe\AppData\Local\Programs\MiKTeX\tex/latex/tools\calc.st
y
Package: calc 2025/03/01 v4.3b Infix arithmetic (KKT,FJ)
\calc@Acount=\count303
\calc@Bcount=\count304
\calc@Adimen=\dimen168
\calc@Bdimen=\dimen169
\calc@Askip=\skip55
\calc@Bskip=\skip56
LaTeX Info: Redefining \setlength on input line 86.
LaTeX Info: Redefining \addtolength on input line 87.
\calc@Ccount=\count305
\calc@Cskip=\skip57
)
(C:\Users\Niclas Schwalbe\AppData\Local\Programs\MiKTeX\tex/latex/mathtools\mhs
etup.sty
Package: mhsetup 2021/03/18 v1.4 programming setup (MH)
)
\g_MT_multlinerow_int=\count306
\l_MT_multwidth_dim=\dimen170
\origjot=\skip58
\l_MT_shortvdotswithinadjustabove_dim=\dimen171
\l_MT_shortvdotswithinadjustbelow_dim=\dimen172
\l_MT_above_intertext_sep=\dimen173
\l_MT_below_intertext_sep=\dimen174
\l_MT_above_shortintertext_sep=\dimen175
\l_MT_below_shortintertext_sep=\dimen176
\xmathstrut@box=\box56
\xmathstrut@dim=\dimen177
)
(C:\Users\Niclas Schwalbe\AppData\Local\Programs\MiKTeX\tex/latex/siunitx\siuni
tx.sty
Package: siunitx 2025-07-09 v3.4.14 A comprehensive (SI) units package
\l__siunitx_number_uncert_offset_int=\count307
\l__siunitx_number_exponent_fixed_int=\count308
\l__siunitx_number_min_decimal_int=\count309
\l__siunitx_number_min_integer_int=\count310
\l__siunitx_number_round_precision_int=\count311
\l__siunitx_number_lower_threshold_int=\count312
\l__siunitx_number_upper_threshold_int=\count313
\l__siunitx_number_group_first_int=\count314
\l__siunitx_number_group_size_int=\count315
\l__siunitx_number_group_minimum_int=\count316
\l__siunitx_angle_tmp_dim=\dimen178
\l__siunitx_angle_marker_box=\box57
\l__siunitx_angle_unit_box=\box58
\l__siunitx_compound_count_int=\count317

(C:\Users\Niclas Schwalbe\AppData\Local\Programs\MiKTeX\tex/latex/translations\
translations.sty
Package: translations 2022/02/05 v1.12 internationalization of LaTeX2e packages
 (CN)

(C:\Users\Niclas Schwalbe\AppData\Local\Programs\MiKTeX\tex/generic/pdftexcmds\
pdftexcmds.sty
Package: pdftexcmds 2020-06-27 v0.33 Utility functions of pdfTeX for LuaTeX (HO
)

(C:\Users\Niclas Schwalbe\AppData\Local\Programs\MiKTeX\tex/generic/infwarerr\i
nfwarerr.sty
Package: infwarerr 2019/12/03 v1.5 Providing info/warning/error messages (HO)
)
(C:\Users\Niclas Schwalbe\AppData\Local\Programs\MiKTeX\tex/generic/ltxcmds\ltx
cmds.sty
Package: ltxcmds 2023-12-04 v1.26 LaTeX kernel commands for general use (HO)
)
Package pdftexcmds Info: \pdf@primitive is available.
Package pdftexcmds Info: \pdf@ifprimitive is available.
Package pdftexcmds Info: \pdfdraftmode found.
))
\l__siunitx_table_tmp_box=\box59
\l__siunitx_table_tmp_dim=\dimen179
\l__siunitx_table_column_width_dim=\dimen180
\l__siunitx_table_integer_box=\box60
\l__siunitx_table_decimal_box=\box61
\l__siunitx_table_uncert_box=\box62
\l__siunitx_table_before_box=\box63
\l__siunitx_table_after_box=\box64
\l__siunitx_table_before_dim=\dimen181
\l__siunitx_table_carry_dim=\dimen182
\l__siunitx_unit_tmp_int=\count318
\l__siunitx_unit_position_int=\count319
\l__siunitx_unit_total_int=\count320

(C:\Users\Niclas Schwalbe\AppData\Local\Programs\MiKTeX\tex/latex/tools\array.s
ty
Package: array 2025/09/25 v2.6n Tabular extension package (FMi)
\col@sep=\dimen183
\ar@mcellbox=\box65
\extrarowheight=\dimen184
\NC@list=\toks28
\extratabsurround=\skip59
\backup@length=\skip60
\ar@cellbox=\box66
))
(C:\Users\Niclas Schwalbe\AppData\Local\Programs\MiKTeX\tex/latex/booktabs\book
tabs.sty
Package: booktabs 2020/01/12 v1.61803398 Publication quality tables
\heavyrulewidth=\dimen185
\lightrulewidth=\dimen186
\cmidrulewidth=\dimen187
\belowrulesep=\dimen188
\belowbottomsep=\dimen189
\aboverulesep=\dimen190
\abovetopsep=\dimen191
\cmidrulesep=\dimen192
\cmidrulekern=\dimen193
\defaultaddspace=\dimen194
\@cmidla=\count321
\@cmidlb=\count322
\@aboverulesep=\dimen195
\@belowrulesep=\dimen196
\@thisruleclass=\count323
\@lastruleclass=\count324
\@thisrulewidth=\dimen197
)
(C:\Users\Niclas Schwalbe\AppData\Local\Programs\MiKTeX\tex/latex/enumitem\enum
item.sty
Package: enumitem 2025/02/06 v3.11 Customized lists
\labelindent=\skip61
\enit@outerparindent=\dimen198
\enit@toks=\toks29
\enit@inbox=\box67
\enit@count@id=\count325
\enitdp@description=\count326
)
(C:\Users\Niclas Schwalbe\AppData\Local\Programs\MiKTeX\tex/latex/graphics\grap
hicx.sty
Package: graphicx 2024/12/31 v1.2e Enhanced LaTeX Graphics (DPC,SPQR)

(C:\Users\Niclas Schwalbe\AppData\Local\Programs\MiKTeX\tex/latex/graphics\grap
hics.sty
Package: graphics 2024/08/06 v1.4g Standard LaTeX Graphics (DPC,SPQR)

(C:\Users\Niclas Schwalbe\AppData\Local\Programs\MiKTeX\tex/latex/graphics\trig
.sty
Package: trig 2023/12/02 v1.11 sin cos tan (DPC)
)
(C:\Users\Niclas Schwalbe\AppData\Local\Programs\MiKTeX\tex/latex/graphics-cfg\
graphics.cfg
File: graphics.cfg 2016/06/04 v1.11 sample graphics configuration
)
Package graphics Info: Driver file: pdftex.def on input line 106.

(C:\Users\Niclas Schwalbe\AppData\Local\Programs\MiKTeX\tex/latex/graphics-def\
pdftex.def
File: pdftex.def 2025/09/29 v1.2d Graphics/color driver for pdftex
))
\Gin@req@height=\dimen199
\Gin@req@width=\dimen256
)
(C:\Users\Niclas Schwalbe\AppData\Local\Programs\MiKTeX\tex/latex/xcolor\xcolor
.sty
Package: xcolor 2024/09/29 v3.02 LaTeX color extensions (UK)

(C:\Users\Niclas Schwalbe\AppData\Local\Programs\MiKTeX\tex/latex/graphics-cfg\
color.cfg
File: color.cfg 2016/01/02 v1.6 sample color configuration
)
Package xcolor Info: Driver file: pdftex.def on input line 274.

(C:\Users\Niclas Schwalbe\AppData\Local\Programs\MiKTeX\tex/latex/graphics\math
color.ltx)
Package xcolor Info: Model `cmy' substituted by `cmy0' on input line 1349.
Package xcolor Info: Model `hsb' substituted by `rgb' on input line 1353.
Package xcolor Info: Model `RGB' extended on input line 1365.
Package xcolor Info: Model `HTML' substituted by `rgb' on input line 1367.
Package xcolor Info: Model `Hsb' substituted by `hsb' on input line 1368.
Package xcolor Info: Model `tHsb' substituted by `hsb' on input line 1369.
Package xcolor Info: Model `HSB' substituted by `hsb' on input line 1370.
Package xcolor Info: Model `Gray' substituted by `gray' on input line 1371.
Package xcolor Info: Model `wave' substituted by `hsb' on input line 1372.
)
(C:\Users\Niclas Schwalbe\AppData\Local\Programs\MiKTeX\tex/latex/hyperref\hype
rref.sty
Package: hyperref 2025-07-12 v7.01o Hypertext links for LaTeX

(C:\Users\Niclas Schwalbe\AppData\Local\Programs\MiKTeX\tex/latex/kvsetkeys\kvs
etkeys.sty
Package: kvsetkeys 2022-10-05 v1.19 Key value parser (HO)
)
(C:\Users\Niclas Schwalbe\AppData\Local\Programs\MiKTeX\tex/generic/kvdefinekey
s\kvdefinekeys.sty
Package: kvdefinekeys 2019-12-19 v1.6 Define keys (HO)
)
(C:\Users\Niclas Schwalbe\AppData\Local\Programs\MiKTeX\tex/generic/pdfescape\p
dfescape.sty
Package: pdfescape 2019/12/09 v1.15 Implements pdfTeX's escape features (HO)
)
(C:\Users\Niclas Schwalbe\AppData\Local\Programs\MiKTeX\tex/latex/hycolor\hycol
or.sty
Package: hycolor 2020-01-27 v1.10 Color options for hyperref/bookmark (HO)
)
(C:\Users\Niclas Schwalbe\AppData\Local\Programs\MiKTeX\tex/latex/hyperref\name
ref.sty
Package: nameref 2025-06-21 v2.57 Cross-referencing by name of section

(C:\Users\Niclas Schwalbe\AppData\Local\Programs\MiKTeX\tex/latex/refcount\refc
ount.sty
Package: refcount 2019/12/15 v3.6 Data extraction from label references (HO)
)
(C:\Users\Niclas Schwalbe\AppData\Local\Programs\MiKTeX\tex/generic/gettitlestr
ing\gettitlestring.sty
Package: gettitlestring 2019/12/15 v1.6 Cleanup title references (HO)

(C:\Users\Niclas Schwalbe\AppData\Local\Programs\MiKTeX\tex/latex/kvoptions\kvo
ptions.sty
Package: kvoptions 2022-06-15 v3.15 Key value format for package options (HO)
))
\c@section@level=\count327
)
(C:\Users\Niclas Schwalbe\AppData\Local\Programs\MiKTeX\tex/generic/stringenc\s
tringenc.sty
Package: stringenc 2019/11/29 v1.12 Convert strings between diff. encodings (HO
)
)
\@linkdim=\dimen257
\Hy@linkcounter=\count328
\Hy@pagecounter=\count329

(C:\Users\Niclas Schwalbe\AppData\Local\Programs\MiKTeX\tex/latex/hyperref\pd1e
nc.def
File: pd1enc.def 2025-07-12 v7.01o Hyperref: PDFDocEncoding definition (HO)
Now handling font encoding PD1 ...
... no UTF-8 mapping file for font encoding PD1
)
(C:\Users\Niclas Schwalbe\AppData\Local\Programs\MiKTeX\tex/generic/intcalc\int
calc.sty
Package: intcalc 2019/12/15 v1.3 Expandable calculations with integers (HO)
)
\Hy@SavedSpaceFactor=\count330

(C:\Users\Niclas Schwalbe\AppData\Local\Programs\MiKTeX\tex/latex/hyperref\puen
c.def
File: puenc.def 2025-07-12 v7.01o Hyperref: PDF Unicode definition (HO)
Now handling font encoding PU ...
... no UTF-8 mapping file for font encoding PU
)
Package hyperref Info: Hyper figures OFF on input line 4195.
Package hyperref Info: Link nesting OFF on input line 4200.
Package hyperref Info: Hyper index ON on input line 4203.
Package hyperref Info: Plain pages OFF on input line 4210.
Package hyperref Info: Backreferencing OFF on input line 4215.
Package hyperref Info: Implicit mode ON; LaTeX internals redefined.
Package hyperref Info: Bookmarks ON on input line 4462.
\c@Hy@tempcnt=\count331

(C:\Users\Niclas Schwalbe\AppData\Local\Programs\MiKTeX\tex/latex/url\url.sty
\Urlmuskip=\muskip18
Package: url 2013/09/16  ver 3.4  Verb mode for urls, etc.
)
LaTeX Info: Redefining \url on input line 4801.
\XeTeXLinkMargin=\dimen258

(C:\Users\Niclas Schwalbe\AppData\Local\Programs\MiKTeX\tex/generic/bitset\bits
et.sty
Package: bitset 2019/12/09 v1.3 Handle bit-vector datatype (HO)

(C:\Users\Niclas Schwalbe\AppData\Local\Programs\MiKTeX\tex/generic/bigintcalc\
bigintcalc.sty
Package: bigintcalc 2019/12/15 v1.5 Expandable calculations on big integers (HO
)
))
\Fld@menulength=\count332
\Field@Width=\dimen259
\Fld@charsize=\dimen260
Package hyperref Info: Hyper figures OFF on input line 6078.
Package hyperref Info: Link nesting OFF on input line 6083.
Package hyperref Info: Hyper index ON on input line 6086.
Package hyperref Info: backreferencing OFF on input line 6093.
Package hyperref Info: Link coloring OFF on input line 6098.
Package hyperref Info: Link coloring with OCG OFF on input line 6103.
Package hyperref Info: PDF/A mode OFF on input line 6108.
\Hy@abspage=\count333
\c@Item=\count334
\c@Hfootnote=\count335
)
Package hyperref Info: Driver (autodetected): hpdftex.

(C:\Users\Niclas Schwalbe\AppData\Local\Programs\MiKTeX\tex/latex/hyperref\hpdf
tex.def
File: hpdftex.def 2025-07-12 v7.01o Hyperref driver for pdfTeX
\Fld@listcount=\count336
\c@bookmark@seq@number=\count337

(C:\Users\Niclas Schwalbe\AppData\Local\Programs\MiKTeX\tex/latex/rerunfilechec
k\rerunfilecheck.sty
Package: rerunfilecheck 2025-06-21 v1.11 Rerun checks for auxiliary files (HO)

(C:\Users\Niclas Schwalbe\AppData\Local\Programs\MiKTeX\tex/generic/uniquecount
er\uniquecounter.sty
Package: uniquecounter 2019/12/15 v1.4 Provide unlimited unique counter (HO)
)
Package uniquecounter Info: New unique counter `rerunfilecheck' on input line 2
84.
)
\Hy@SectionHShift=\skip62
)
(C:\Users\Niclas Schwalbe\AppData\Local\Programs\MiKTeX\tex/latex/placeins\plac
eins.sty
Package: placeins 2005/04/18  v 2.2
)
(C:\Users\Niclas Schwalbe\AppData\Local\Programs\MiKTeX\tex/latex/pgf/frontendl
ayer\tikz.sty
(C:\Users\Niclas Schwalbe\AppData\Local\Programs\MiKTeX\tex/latex/pgf/basiclaye
r\pgf.sty
(C:\Users\Niclas Schwalbe\AppData\Local\Programs\MiKTeX\tex/latex/pgf/utilities
\pgfrcs.sty
(C:\Users\Niclas Schwalbe\AppData\Local\Programs\MiKTeX\tex/generic/pgf/utiliti
es\pgfutil-common.tex
\pgfutil@everybye=\toks30
\pgfutil@tempdima=\dimen261
\pgfutil@tempdimb=\dimen262
)
(C:\Users\Niclas Schwalbe\AppData\Local\Programs\MiKTeX\tex/generic/pgf/utiliti
es\pgfutil-latex.def
\pgfutil@abb=\box68
)
(C:\Users\Niclas Schwalbe\AppData\Local\Programs\MiKTeX\tex/generic/pgf/utiliti
es\pgfrcs.code.tex
(C:\Users\Niclas Schwalbe\AppData\Local\Programs\MiKTeX\tex/generic/pgf\pgf.rev
ision.tex)
Package: pgfrcs 2025-08-29 v3.1.11a (3.1.11a)
))
Package: pgf 2025-08-29 v3.1.11a (3.1.11a)

(C:\Users\Niclas Schwalbe\AppData\Local\Programs\MiKTeX\tex/latex/pgf/basiclaye
r\pgfcore.sty
(C:\Users\Niclas Schwalbe\AppData\Local\Programs\MiKTeX\tex/latex/pgf/systemlay
er\pgfsys.sty
(C:\Users\Niclas Schwalbe\AppData\Local\Programs\MiKTeX\tex/generic/pgf/systeml
ayer\pgfsys.code.tex
Package: pgfsys 2025-08-29 v3.1.11a (3.1.11a)

(C:\Users\Niclas Schwalbe\AppData\Local\Programs\MiKTeX\tex/generic/pgf/utiliti
es\pgfkeys.code.tex
\pgfkeys@pathtoks=\toks31
\pgfkeys@temptoks=\toks32

(C:\Users\Niclas Schwalbe\AppData\Local\Programs\MiKTeX\tex/generic/pgf/utiliti
es\pgfkeyslibraryfiltered.code.tex
\pgfkeys@tmptoks=\toks33
))
\pgf@x=\dimen263
\pgf@y=\dimen264
\pgf@xa=\dimen265
\pgf@ya=\dimen266
\pgf@xb=\dimen267
\pgf@yb=\dimen268
\pgf@xc=\dimen269
\pgf@yc=\dimen270
\pgf@xd=\dimen271
\pgf@yd=\dimen272
\w@pgf@writea=\write3
\r@pgf@reada=\read3
\c@pgf@counta=\count338
\c@pgf@countb=\count339
\c@pgf@countc=\count340
\c@pgf@countd=\count341
\t@pgf@toka=\toks34
\t@pgf@tokb=\toks35
\t@pgf@tokc=\toks36
\pgf@sys@id@count=\count342

(C:\Users\Niclas Schwalbe\AppData\Local\Programs\MiKTeX\tex/generic/pgf/systeml
ayer\pgf.cfg
File: pgf.cfg 2025-08-29 v3.1.11a (3.1.11a)
)
Driver file for pgf: pgfsys-pdftex.def

(C:\Users\Niclas Schwalbe\AppData\Local\Programs\MiKTeX\tex/generic/pgf/systeml
ayer\pgfsys-pdftex.def
File: pgfsys-pdftex.def 2025-08-29 v3.1.11a (3.1.11a)

(C:\Users\Niclas Schwalbe\AppData\Local\Programs\MiKTeX\tex/generic/pgf/systeml
ayer\pgfsys-common-pdf.def
File: pgfsys-common-pdf.def 2025-08-29 v3.1.11a (3.1.11a)
)))
(C:\Users\Niclas Schwalbe\AppData\Local\Programs\MiKTeX\tex/generic/pgf/systeml
ayer\pgfsyssoftpath.code.tex
File: pgfsyssoftpath.code.tex 2025-08-29 v3.1.11a (3.1.11a)
\pgfsyssoftpath@smallbuffer@items=\count343
\pgfsyssoftpath@bigbuffer@items=\count344
)
(C:\Users\Niclas Schwalbe\AppData\Local\Programs\MiKTeX\tex/generic/pgf/systeml
ayer\pgfsysprotocol.code.tex
File: pgfsysprotocol.code.tex 2025-08-29 v3.1.11a (3.1.11a)
))
(C:\Users\Niclas Schwalbe\AppData\Local\Programs\MiKTeX\tex/generic/pgf/basicla
yer\pgfcore.code.tex
Package: pgfcore 2025-08-29 v3.1.11a (3.1.11a)

(C:\Users\Niclas Schwalbe\AppData\Local\Programs\MiKTeX\tex/generic/pgf/math\pg
fmath.code.tex
(C:\Users\Niclas Schwalbe\AppData\Local\Programs\MiKTeX\tex/generic/pgf/math\pg
fmathutil.code.tex)
(C:\Users\Niclas Schwalbe\AppData\Local\Programs\MiKTeX\tex/generic/pgf/math\pg
fmathparser.code.tex
\pgfmath@dimen=\dimen273
\pgfmath@count=\count345
\pgfmath@box=\box69
\pgfmath@toks=\toks37
\pgfmath@stack@operand=\toks38
\pgfmath@stack@operation=\toks39
)
(C:\Users\Niclas Schwalbe\AppData\Local\Programs\MiKTeX\tex/generic/pgf/math\pg
fmathfunctions.code.tex)
(C:\Users\Niclas Schwalbe\AppData\Local\Programs\MiKTeX\tex/generic/pgf/math\pg
fmathfunctions.basic.code.tex)
(C:\Users\Niclas Schwalbe\AppData\Local\Programs\MiKTeX\tex/generic/pgf/math\pg
fmathfunctions.trigonometric.code.tex)
(C:\Users\Niclas Schwalbe\AppData\Local\Programs\MiKTeX\tex/generic/pgf/math\pg
fmathfunctions.random.code.tex)
(C:\Users\Niclas Schwalbe\AppData\Local\Programs\MiKTeX\tex/generic/pgf/math\pg
fmathfunctions.comparison.code.tex)
(C:\Users\Niclas Schwalbe\AppData\Local\Programs\MiKTeX\tex/generic/pgf/math\pg
fmathfunctions.base.code.tex)
(C:\Users\Niclas Schwalbe\AppData\Local\Programs\MiKTeX\tex/generic/pgf/math\pg
fmathfunctions.round.code.tex)
(C:\Users\Niclas Schwalbe\AppData\Local\Programs\MiKTeX\tex/generic/pgf/math\pg
fmathfunctions.misc.code.tex)
(C:\Users\Niclas Schwalbe\AppData\Local\Programs\MiKTeX\tex/generic/pgf/math\pg
fmathfunctions.integerarithmetics.code.tex)
(C:\Users\Niclas Schwalbe\AppData\Local\Programs\MiKTeX\tex/generic/pgf/math\pg
fmathcalc.code.tex)
(C:\Users\Niclas Schwalbe\AppData\Local\Programs\MiKTeX\tex/generic/pgf/math\pg
fmathfloat.code.tex
\c@pgfmathroundto@lastzeros=\count346
))
(C:\Users\Niclas Schwalbe\AppData\Local\Programs\MiKTeX\tex/generic/pgf/math\pg
fint.code.tex)
(C:\Users\Niclas Schwalbe\AppData\Local\Programs\MiKTeX\tex/generic/pgf/basicla
yer\pgfcorepoints.code.tex
File: pgfcorepoints.code.tex 2025-08-29 v3.1.11a (3.1.11a)
\pgf@picminx=\dimen274
\pgf@picmaxx=\dimen275
\pgf@picminy=\dimen276
\pgf@picmaxy=\dimen277
\pgf@pathminx=\dimen278
\pgf@pathmaxx=\dimen279
\pgf@pathminy=\dimen280
\pgf@pathmaxy=\dimen281
\pgf@xx=\dimen282
\pgf@xy=\dimen283
\pgf@yx=\dimen284
\pgf@yy=\dimen285
\pgf@zx=\dimen286
\pgf@zy=\dimen287
)
(C:\Users\Niclas Schwalbe\AppData\Local\Programs\MiKTeX\tex/generic/pgf/basicla
yer\pgfcorepathconstruct.code.tex
File: pgfcorepathconstruct.code.tex 2025-08-29 v3.1.11a (3.1.11a)
\pgf@path@lastx=\dimen288
\pgf@path@lasty=\dimen289
)
(C:\Users\Niclas Schwalbe\AppData\Local\Programs\MiKTeX\tex/generic/pgf/basicla
yer\pgfcorepathusage.code.tex
File: pgfcorepathusage.code.tex 2025-08-29 v3.1.11a (3.1.11a)
\pgf@shorten@end@additional=\dimen290
\pgf@shorten@start@additional=\dimen291
)
(C:\Users\Niclas Schwalbe\AppData\Local\Programs\MiKTeX\tex/generic/pgf/basicla
yer\pgfcorescopes.code.tex
File: pgfcorescopes.code.tex 2025-08-29 v3.1.11a (3.1.11a)
\pgfpic=\box70
\pgf@hbox=\box71
\pgf@layerbox@main=\box72
\pgf@picture@serial@count=\count347
)
(C:\Users\Niclas Schwalbe\AppData\Local\Programs\MiKTeX\tex/generic/pgf/basicla
yer\pgfcoregraphicstate.code.tex
File: pgfcoregraphicstate.code.tex 2025-08-29 v3.1.11a (3.1.11a)
\pgflinewidth=\dimen292
)
(C:\Users\Niclas Schwalbe\AppData\Local\Programs\MiKTeX\tex/generic/pgf/basicla
yer\pgfcoretransformations.code.tex
File: pgfcoretransformations.code.tex 2025-08-29 v3.1.11a (3.1.11a)
\pgf@pt@x=\dimen293
\pgf@pt@y=\dimen294
\pgf@pt@temp=\dimen295
)
(C:\Users\Niclas Schwalbe\AppData\Local\Programs\MiKTeX\tex/generic/pgf/basicla
yer\pgfcorequick.code.tex
File: pgfcorequick.code.tex 2025-08-29 v3.1.11a (3.1.11a)
)
(C:\Users\Niclas Schwalbe\AppData\Local\Programs\MiKTeX\tex/generic/pgf/basicla
yer\pgfcoreobjects.code.tex
File: pgfcoreobjects.code.tex 2025-08-29 v3.1.11a (3.1.11a)
)
(C:\Users\Niclas Schwalbe\AppData\Local\Programs\MiKTeX\tex/generic/pgf/basicla
yer\pgfcorepathprocessing.code.tex
File: pgfcorepathprocessing.code.tex 2025-08-29 v3.1.11a (3.1.11a)
)
(C:\Users\Niclas Schwalbe\AppData\Local\Programs\MiKTeX\tex/generic/pgf/basicla
yer\pgfcorearrows.code.tex
File: pgfcorearrows.code.tex 2025-08-29 v3.1.11a (3.1.11a)
\pgfarrowsep=\dimen296
)
(C:\Users\Niclas Schwalbe\AppData\Local\Programs\MiKTeX\tex/generic/pgf/basicla
yer\pgfcoreshade.code.tex
File: pgfcoreshade.code.tex 2025-08-29 v3.1.11a (3.1.11a)
\pgf@max=\dimen297
\pgf@sys@shading@range@num=\count348
\pgf@shadingcount=\count349
)
(C:\Users\Niclas Schwalbe\AppData\Local\Programs\MiKTeX\tex/generic/pgf/basicla
yer\pgfcoreimage.code.tex
File: pgfcoreimage.code.tex 2025-08-29 v3.1.11a (3.1.11a)
)
(C:\Users\Niclas Schwalbe\AppData\Local\Programs\MiKTeX\tex/generic/pgf/basicla
yer\pgfcoreexternal.code.tex
File: pgfcoreexternal.code.tex 2025-08-29 v3.1.11a (3.1.11a)
\pgfexternal@startupbox=\box73
)
(C:\Users\Niclas Schwalbe\AppData\Local\Programs\MiKTeX\tex/generic/pgf/basicla
yer\pgfcorelayers.code.tex
File: pgfcorelayers.code.tex 2025-08-29 v3.1.11a (3.1.11a)
)
(C:\Users\Niclas Schwalbe\AppData\Local\Programs\MiKTeX\tex/generic/pgf/basicla
yer\pgfcoretransparency.code.tex
File: pgfcoretransparency.code.tex 2025-08-29 v3.1.11a (3.1.11a)
)
(C:\Users\Niclas Schwalbe\AppData\Local\Programs\MiKTeX\tex/generic/pgf/basicla
yer\pgfcorepatterns.code.tex
File: pgfcorepatterns.code.tex 2025-08-29 v3.1.11a (3.1.11a)
)
(C:\Users\Niclas Schwalbe\AppData\Local\Programs\MiKTeX\tex/generic/pgf/basicla
yer\pgfcorerdf.code.tex
File: pgfcorerdf.code.tex 2025-08-29 v3.1.11a (3.1.11a)
)))
(C:\Users\Niclas Schwalbe\AppData\Local\Programs\MiKTeX\tex/generic/pgf/modules
\pgfmoduleshapes.code.tex
File: pgfmoduleshapes.code.tex 2025-08-29 v3.1.11a (3.1.11a)
\pgfnodeparttextbox=\box74
)
(C:\Users\Niclas Schwalbe\AppData\Local\Programs\MiKTeX\tex/generic/pgf/modules
\pgfmoduleplot.code.tex
File: pgfmoduleplot.code.tex 2025-08-29 v3.1.11a (3.1.11a)
)
(C:\Users\Niclas Schwalbe\AppData\Local\Programs\MiKTeX\tex/latex/pgf/compatibi
lity\pgfcomp-version-0-65.sty
Package: pgfcomp-version-0-65 2025-08-29 v3.1.11a (3.1.11a)
\pgf@nodesepstart=\dimen298
\pgf@nodesepend=\dimen299
)
(C:\Users\Niclas Schwalbe\AppData\Local\Programs\MiKTeX\tex/latex/pgf/compatibi
lity\pgfcomp-version-1-18.sty
Package: pgfcomp-version-1-18 2025-08-29 v3.1.11a (3.1.11a)
))
(C:\Users\Niclas Schwalbe\AppData\Local\Programs\MiKTeX\tex/latex/pgf/utilities
\pgffor.sty
(C:\Users\Niclas Schwalbe\AppData\Local\Programs\MiKTeX\tex/latex/pgf/utilities
\pgfkeys.sty
(C:\Users\Niclas Schwalbe\AppData\Local\Programs\MiKTeX\tex/generic/pgf/utiliti
es\pgfkeys.code.tex))
(C:\Users\Niclas Schwalbe\AppData\Local\Programs\MiKTeX\tex/latex/pgf/math\pgfm
ath.sty
(C:\Users\Niclas Schwalbe\AppData\Local\Programs\MiKTeX\tex/generic/pgf/math\pg
fmath.code.tex))
(C:\Users\Niclas Schwalbe\AppData\Local\Programs\MiKTeX\tex/generic/pgf/utiliti
es\pgffor.code.tex
Package: pgffor 2025-08-29 v3.1.11a (3.1.11a)
\pgffor@iter=\dimen300
\pgffor@skip=\dimen301
\pgffor@stack=\toks40
\pgffor@toks=\toks41
))
(C:\Users\Niclas Schwalbe\AppData\Local\Programs\MiKTeX\tex/generic/pgf/fronten
dlayer/tikz\tikz.code.tex
Package: tikz 2025-08-29 v3.1.11a (3.1.11a)

(C:\Users\Niclas Schwalbe\AppData\Local\Programs\MiKTeX\tex/generic/pgf/librari
es\pgflibraryplothandlers.code.tex
File: pgflibraryplothandlers.code.tex 2025-08-29 v3.1.11a (3.1.11a)
\pgf@plot@mark@count=\count350
\pgfplotmarksize=\dimen302
)
\tikz@lastx=\dimen303
\tikz@lasty=\dimen304
\tikz@lastxsaved=\dimen305
\tikz@lastysaved=\dimen306
\tikz@lastmovetox=\dimen307
\tikz@lastmovetoy=\dimen308
\tikzleveldistance=\dimen309
\tikzsiblingdistance=\dimen310
\tikz@figbox=\box75
\tikz@figbox@bg=\box76
\tikz@tempbox=\box77
\tikz@tempbox@bg=\box78
\tikztreelevel=\count351
\tikznumberofchildren=\count352
\tikznumberofcurrentchild=\count353
\tikz@fig@count=\count354

(C:\Users\Niclas Schwalbe\AppData\Local\Programs\MiKTeX\tex/generic/pgf/modules
\pgfmodulematrix.code.tex
File: pgfmodulematrix.code.tex 2025-08-29 v3.1.11a (3.1.11a)
\pgfmatrixcurrentrow=\count355
\pgfmatrixcurrentcolumn=\count356
\pgf@matrix@numberofcolumns=\count357
)
\tikz@expandcount=\count358

(C:\Users\Niclas Schwalbe\AppData\Local\Programs\MiKTeX\tex/generic/pgf/fronten
dlayer/tikz/libraries\tikzlibrarytopaths.code.tex
File: tikzlibrarytopaths.code.tex 2025-08-29 v3.1.11a (3.1.11a)
)))
(C:\Users\Niclas Schwalbe\AppData\Local\Programs\MiKTeX\tex/latex/circuitikz\ci
rcuitikz.sty
Package: circuitikz 2025/11/23{} The CircuiTikz circuit drawing package version
 1.8.3

(C:\Users\Niclas Schwalbe\AppData\Local\Programs\MiKTeX\tex/generic/pgf/fronten
dlayer/tikz/libraries\tikzlibrarycalc.code.tex
File: tikzlibrarycalc.code.tex 2025-08-29 v3.1.11a (3.1.11a)
)
(C:\Users\Niclas Schwalbe\AppData\Local\Programs\MiKTeX\tex/generic/pgf/librari
es\pgflibraryarrows.meta.code.tex
File: pgflibraryarrows.meta.code.tex 2025-08-29 v3.1.11a (3.1.11a)
\pgfarrowinset=\dimen311
\pgfarrowlength=\dimen312
\pgfarrowwidth=\dimen313
\pgfarrowlinewidth=\dimen314
)
(C:\Users\Niclas Schwalbe\AppData\Local\Programs\MiKTeX\tex/generic/pgf/fronten
dlayer/tikz/libraries\tikzlibrarybending.code.tex
File: tikzlibrarybending.code.tex 2025-08-29 v3.1.11a (3.1.11a)

(C:\Users\Niclas Schwalbe\AppData\Local\Programs\MiKTeX\tex/generic/pgf/modules
\pgfmodulebending.code.tex
File: pgfmodulebending.code.tex 2025-08-29 v3.1.11a (3.1.11a)

(C:\Users\Niclas Schwalbe\AppData\Local\Programs\MiKTeX\tex/generic/pgf/modules
\pgfmodulenonlineartransformations.code.tex
File: pgfmodulenonlineartransformations.code.tex 2025-08-29 v3.1.11a (3.1.11a)
\pgftransformnonlinearflatness=\dimen315
)
(C:\Users\Niclas Schwalbe\AppData\Local\Programs\MiKTeX\tex/generic/pgf/librari
es\pgflibrarycurvilinear.code.tex
File: pgflibrarycurvilinear.code.tex 2025-08-29 v3.1.11a (3.1.11a)
\pgf@curvilinear@time@a=\dimen316
\pgf@curvilinear@length@a=\dimen317
\pgf@curvilinear@length@b=\dimen318
\pgf@curvilinear@length@c=\dimen319
\pgf@curvilinear@length@d=\dimen320
)
\pgf@arrows@the@rigidity=\dimen321
))
(C:\Users\Niclas Schwalbe\AppData\Local\Programs\MiKTeX\tex/generic/pgf/fronten
dlayer/tikz/libraries\tikzlibraryfpu.code.tex
(C:\Users\Niclas Schwalbe\AppData\Local\Programs\MiKTeX\tex/generic/pgf/librari
es\pgflibraryfpu.code.tex))
(C:\Users\Niclas Schwalbe\AppData\Local\Programs\MiKTeX\tex/generic/circuitikz\
pgfcirc.defines.tex
\pgf@circ@count@a=\count359
\pgf@circ@count@b=\count360
\pgf@circ@count@c=\count361
\pgf@circ@res@up=\dimen322
\pgf@circ@res@down=\dimen323
\pgf@circ@res@zero=\dimen324
\pgf@circ@res@left=\dimen325
\pgf@circ@res@right=\dimen326
\pgf@circ@res@other=\dimen327
\pgf@circ@res@step=\dimen328
\pgf@circ@res@temp=\dimen329
\pgf@circ@Rlen=\dimen330
\pgf@circ@scaled@Rlen=\dimen331
\pgfstartlinewidth=\dimen332
)
(C:\Users\Niclas Schwalbe\AppData\Local\Programs\MiKTeX\tex/generic/circuitikz\
pgfcircutils.tex
\ctikz@scratchbox=\box79
)
(C:\Users\Niclas Schwalbe\AppData\Local\Programs\MiKTeX\tex/generic/circuitikz\
pgfcircpath.tex)
(C:\Users\Niclas Schwalbe\AppData\Local\Programs\MiKTeX\tex/generic/circuitikz\
pgfcircshapes.tex)
(C:\Users\Niclas Schwalbe\AppData\Local\Programs\MiKTeX\tex/generic/circuitikz\
pgfcircmonopoles.tex)
(C:\Users\Niclas Schwalbe\AppData\Local\Programs\MiKTeX\tex/generic/circuitikz\
pgfcircbipoles.tex)
(C:\Users\Niclas Schwalbe\AppData\Local\Programs\MiKTeX\tex/generic/circuitikz\
pgfcirctripoles.tex
\pgf@circ@res@count=\count362
)
(C:\Users\Niclas Schwalbe\AppData\Local\Programs\MiKTeX\tex/generic/circuitikz\
pgfcircquadpoles.tex)
(C:\Users\Niclas Schwalbe\AppData\Local\Programs\MiKTeX\tex/generic/circuitikz\
pgfcircmultipoles.tex)
(C:\Users\Niclas Schwalbe\AppData\Local\Programs\MiKTeX\tex/generic/circuitikz\
pgfcirclabel.tex)
(C:\Users\Niclas Schwalbe\AppData\Local\Programs\MiKTeX\tex/generic/circuitikz\
pgfcircvoltage.tex
\pgfcirc@labelshift=\dimen333
)
(C:\Users\Niclas Schwalbe\AppData\Local\Programs\MiKTeX\tex/generic/circuitikz\
pgfcirccurrent.tex)
(C:\Users\Niclas Schwalbe\AppData\Local\Programs\MiKTeX\tex/generic/circuitikz\
pgfcircflow.tex))
(C:\Users\Niclas Schwalbe\AppData\Local\Programs\MiKTeX\tex/latex/pgfplots\pgfp
lots.sty
(C:\Users\Niclas Schwalbe\AppData\Local\Programs\MiKTeX\tex/generic/pgfplots\pg
fplots.revision.tex)
Package: pgfplots 2021/05/15 v1.18.1 Data Visualization (1.18.1)

(C:\Users\Niclas Schwalbe\AppData\Local\Programs\MiKTeX\tex/generic/pgfplots\pg
fplots.code.tex
(C:\Users\Niclas Schwalbe\AppData\Local\Programs\MiKTeX\tex/generic/pgfplots\pg
fplotscore.code.tex
\t@pgfplots@toka=\toks42
\t@pgfplots@tokb=\toks43
\t@pgfplots@tokc=\toks44
\pgfplots@tmpa=\dimen334
\c@pgfplots@coordindex=\count363
\c@pgfplots@scanlineindex=\count364

(C:\Users\Niclas Schwalbe\AppData\Local\Programs\MiKTeX\tex/generic/pgfplots/sy
s\pgfplotssysgeneric.code.tex))
(C:\Users\Niclas Schwalbe\AppData\Local\Programs\MiKTeX\tex/generic/pgfplots/li
bs\pgfplotslibrary.code.tex)
(C:\Users\Niclas Schwalbe\AppData\Local\Programs\MiKTeX\tex/generic/pgfplots/ol
dpgfcompatib\pgfplotsoldpgfsupp_loader.code.tex
Package pgfplots: loading complementary utilities for your pgf version...
\t@pgf@toka=\toks45
\t@pgf@tokb=\toks46
\t@pgf@tokc=\toks47

(C:\Users\Niclas Schwalbe\AppData\Local\Programs\MiKTeX\tex/generic/pgfplots/ol
dpgfcompatib\pgfplotsoldpgfsupp_pgfutil-common-lists.tex))
(C:\Users\Niclas Schwalbe\AppData\Local\Programs\MiKTeX\tex/generic/pgfplots/ut
il\pgfplotsutil.code.tex
(C:\Users\Niclas Schwalbe\AppData\Local\Programs\MiKTeX\tex/generic/pgfplots/li
ststructure\pgfplotsliststructure.code.tex)
(C:\Users\Niclas Schwalbe\AppData\Local\Programs\MiKTeX\tex/generic/pgfplots/li
ststructure\pgfplotsliststructureext.code.tex)
(C:\Users\Niclas Schwalbe\AppData\Local\Programs\MiKTeX\tex/generic/pgfplots/li
ststructure\pgfplotsarray.code.tex
\c@pgfplotsarray@tmp=\count365
)
(C:\Users\Niclas Schwalbe\AppData\Local\Programs\MiKTeX\tex/generic/pgfplots/li
ststructure\pgfplotsmatrix.code.tex)
(C:\Users\Niclas Schwalbe\AppData\Local\Programs\MiKTeX\tex/generic/pgfplots/nu
mtable\pgfplotstableshared.code.tex
\c@pgfplotstable@counta=\count366
\t@pgfplotstable@a=\toks48
)
(C:\Users\Niclas Schwalbe\AppData\Local\Programs\MiKTeX\tex/generic/pgfplots/li
ststructure\pgfplotsdeque.code.tex)
(C:\Users\Niclas Schwalbe\AppData\Local\Programs\MiKTeX\tex/generic/pgfplots/ut
il\pgfplotsbinary.code.tex
(C:\Users\Niclas Schwalbe\AppData\Local\Programs\MiKTeX\tex/generic/pgfplots/ut
il\pgfplotsbinary.data.code.tex))
(C:\Users\Niclas Schwalbe\AppData\Local\Programs\MiKTeX\tex/generic/pgfplots/ut
il\pgfplotsutil.verb.code.tex)
(C:\Users\Niclas Schwalbe\AppData\Local\Programs\MiKTeX\tex/generic/pgfplots/li
bs\pgflibrarypgfplots.surfshading.code.tex
\c@pgfplotslibrarysurf@no=\count367

(C:\Users\Niclas Schwalbe\AppData\Local\Programs\MiKTeX\tex/generic/pgfplots/sy
s\pgflibrarypgfplots.surfshading.pgfsys-pdftex.def)))
(C:\Users\Niclas Schwalbe\AppData\Local\Programs\MiKTeX\tex/generic/pgfplots/ut
il\pgfplotscolormap.code.tex
(C:\Users\Niclas Schwalbe\AppData\Local\Programs\MiKTeX\tex/generic/pgfplots/ut
il\pgfplotscolor.code.tex))
(C:\Users\Niclas Schwalbe\AppData\Local\Programs\MiKTeX\tex/generic/pgfplots\pg
fplotsstackedplots.code.tex)
(C:\Users\Niclas Schwalbe\AppData\Local\Programs\MiKTeX\tex/generic/pgfplots\pg
fplotsplothandlers.code.tex
(C:\Users\Niclas Schwalbe\AppData\Local\Programs\MiKTeX\tex/generic/pgfplots\pg
fplotsmeshplothandler.code.tex
(C:\Users\Niclas Schwalbe\AppData\Local\Programs\MiKTeX\tex/generic/pgfplots\pg
fplotsmeshplotimage.code.tex)))
(C:\Users\Niclas Schwalbe\AppData\Local\Programs\MiKTeX\tex/generic/pgfplots\pg
fplots.scaling.code.tex)
(C:\Users\Niclas Schwalbe\AppData\Local\Programs\MiKTeX\tex/generic/pgfplots\pg
fplotscoordprocessing.code.tex)
(C:\Users\Niclas Schwalbe\AppData\Local\Programs\MiKTeX\tex/generic/pgfplots\pg
fplots.errorbars.code.tex)
(C:\Users\Niclas Schwalbe\AppData\Local\Programs\MiKTeX\tex/generic/pgfplots\pg
fplots.markers.code.tex)
(C:\Users\Niclas Schwalbe\AppData\Local\Programs\MiKTeX\tex/generic/pgfplots\pg
fplotsticks.code.tex)
(C:\Users\Niclas Schwalbe\AppData\Local\Programs\MiKTeX\tex/generic/pgfplots\pg
fplots.paths.code.tex)
(C:\Users\Niclas Schwalbe\AppData\Local\Programs\MiKTeX\tex/generic/pgf/fronten
dlayer/tikz/libraries\tikzlibrarydecorations.code.tex
(C:\Users\Niclas Schwalbe\AppData\Local\Programs\MiKTeX\tex/generic/pgf/modules
\pgfmoduledecorations.code.tex
\pgfdecoratedcompleteddistance=\dimen335
\pgfdecoratedremainingdistance=\dimen336
\pgfdecoratedinputsegmentcompleteddistance=\dimen337
\pgfdecoratedinputsegmentremainingdistance=\dimen338
\pgf@decorate@distancetomove=\dimen339
\pgf@decorate@repeatstate=\count368
\pgfdecorationsegmentamplitude=\dimen340
\pgfdecorationsegmentlength=\dimen341
)
\tikz@lib@dec@box=\box80
)
(C:\Users\Niclas Schwalbe\AppData\Local\Programs\MiKTeX\tex/generic/pgf/fronten
dlayer/tikz/libraries\tikzlibrarydecorations.pathmorphing.code.tex
(C:\Users\Niclas Schwalbe\AppData\Local\Programs\MiKTeX\tex/generic/pgf/librari
es/decorations\pgflibrarydecorations.pathmorphing.code.tex))
(C:\Users\Niclas Schwalbe\AppData\Local\Programs\MiKTeX\tex/generic/pgf/fronten
dlayer/tikz/libraries\tikzlibrarydecorations.pathreplacing.code.tex
(C:\Users\Niclas Schwalbe\AppData\Local\Programs\MiKTeX\tex/generic/pgf/librari
es/decorations\pgflibrarydecorations.pathreplacing.code.tex))
(C:\Users\Niclas Schwalbe\AppData\Local\Programs\MiKTeX\tex/generic/pgfplots/li
bs\tikzlibrarypgfplots.contourlua.code.tex)
\pgfplots@numplots=\count369
\pgfplots@xmin@reg=\dimen342
\pgfplots@xmax@reg=\dimen343
\pgfplots@ymin@reg=\dimen344
\pgfplots@ymax@reg=\dimen345
\pgfplots@zmin@reg=\dimen346
\pgfplots@zmax@reg=\dimen347
)
(C:\Users\Niclas Schwalbe\AppData\Local\Programs\MiKTeX\tex/generic/pgf/fronten
dlayer/tikz/libraries\tikzlibraryplotmarks.code.tex
File: tikzlibraryplotmarks.code.tex 2025-08-29 v3.1.11a (3.1.11a)

(C:\Users\Niclas Schwalbe\AppData\Local\Programs\MiKTeX\tex/generic/pgf/librari
es\pgflibraryplotmarks.code.tex
File: pgflibraryplotmarks.code.tex 2025-08-29 v3.1.11a (3.1.11a)
)))
(C:\Users\Niclas Schwalbe\AppData\Local\Programs\MiKTeX\tex/generic/pgfplots/li
bs\tikzlibrarypgfplots.groupplots.code.tex
\pgfplots@group@current@plot=\count370
\pgfplots@group@current@row=\count371
\pgfplots@group@current@column=\count372
)
(C:\Users\Niclas Schwalbe\AppData\Local\Programs\MiKTeX\tex/generic/pgf/fronten
dlayer/tikz/libraries\tikzlibrarypositioning.code.tex
File: tikzlibrarypositioning.code.tex 2025-08-29 v3.1.11a (3.1.11a)
)
(C:\Users\Niclas Schwalbe\AppData\Local\Programs\MiKTeX\tex/generic/pgf/fronten
dlayer/tikz/libraries\tikzlibraryshapes.geometric.code.tex
File: tikzlibraryshapes.geometric.code.tex 2025-08-29 v3.1.11a (3.1.11a)

(C:\Users\Niclas Schwalbe\AppData\Local\Programs\MiKTeX\tex/generic/pgf/librari
es/shapes\pgflibraryshapes.geometric.code.tex
File: pgflibraryshapes.geometric.code.tex 2025-08-29 v3.1.11a (3.1.11a)
))
Package hyperref Info: Option `colorlinks' set `true' on input line 32.
LaTeX Font Info:    Trying to load font information for T1+lmr on input line 48
.

(C:\Users\Niclas Schwalbe\AppData\Local\Programs\MiKTeX\tex/latex/lm\t1lmr.fd
File: t1lmr.fd 2015/05/01 v1.6.1 Font defs for Latin Modern
)
(C:\Users\Niclas Schwalbe\AppData\Local\Programs\MiKTeX\tex/latex/l3backend\l3b
ackend-pdftex.def
File: l3backend-pdftex.def 2025-10-09 L3 backend support: PDF output (pdfTeX)
\l__color_backend_stack_int=\count373
) (main.aux
Package babel Info: 'ngerman' activates 'ngerman' shorthands.
(babel)             Reported on input line 8.
)
\openout1 = `main.aux'.

LaTeX Font Info:    Checking defaults for OML/cmm/m/it on input line 48.
LaTeX Font Info:    ... okay on input line 48.
LaTeX Font Info:    Checking defaults for OMS/cmsy/m/n on input line 48.
LaTeX Font Info:    ... okay on input line 48.
LaTeX Font Info:    Checking defaults for OT1/cmr/m/n on input line 48.
LaTeX Font Info:    ... okay on input line 48.
LaTeX Font Info:    Checking defaults for T1/cmr/m/n on input line 48.
LaTeX Font Info:    ... okay on input line 48.
LaTeX Font Info:    Checking defaults for TS1/cmr/m/n on input line 48.
LaTeX Font Info:    ... okay on input line 48.
LaTeX Font Info:    Checking defaults for OMX/cmex/m/n on input line 48.
LaTeX Font Info:    ... okay on input line 48.
LaTeX Font Info:    Checking defaults for U/cmr/m/n on input line 48.
LaTeX Font Info:    ... okay on input line 48.
LaTeX Font Info:    Checking defaults for PD1/pdf/m/n on input line 48.
LaTeX Font Info:    ... okay on input line 48.
LaTeX Font Info:    Checking defaults for PU/pdf/m/n on input line 48.
LaTeX Font Info:    ... okay on input line 48.

*geometry* driver: auto-detecting
*geometry* detected driver: pdftex
*geometry* verbose mode - [ preamble ] result:
* driver: pdftex
* paper: a4paper
* layout: <same size as paper>
* layoutoffset:(h,v)=(0.0pt,0.0pt)
* modes: 
* h-part:(L,W,R)=(62.59596pt, 472.31595pt, 62.59596pt)
* v-part:(T,H,B)=(62.59596pt, 719.85492pt, 62.59596pt)
* \paperwidth=597.50787pt
* \paperheight=845.04684pt
* \textwidth=472.31595pt
* \textheight=719.85492pt
* \oddsidemargin=-9.67403pt
* \evensidemargin=-9.67403pt
* \topmargin=-46.67403pt
* \headheight=12.0pt
* \headsep=25.0pt
* \topskip=11.0pt
* \footskip=30.0pt
* \marginparwidth=50.0pt
* \marginparsep=10.0pt
* \columnsep=10.0pt
* \skip\footins=10.0pt plus 4.0pt minus 2.0pt
* \hoffset=0.0pt
* \voffset=0.0pt
* \mag=1000
* \@twocolumnfalse
* \@twosidefalse
* \@mparswitchfalse
* \@reversemarginfalse
* (1in=72.27pt=25.4mm, 1cm=28.453pt)

LaTeX Info: Redefining \microtypecontext on input line 48.
Package microtype Info: Applying patch `item' on input line 48.
Package microtype Info: Applying patch `toc' on input line 48.
Package microtype Info: Applying patch `eqnum' on input line 48.
Package microtype Info: Applying patch `footnote' on input line 48.
Package microtype Info: Applying patch `verbatim' on input line 48.
LaTeX Info: Redefining \microtypesetup on input line 48.
Package microtype Info: Generating PDF output.
Package microtype Info: Character protrusion enabled (level 2).
Package microtype Info: Using default protrusion set `alltext'.
Package microtype Info: Automatic font expansion enabled (level 2),
(microtype)             stretch: 20, shrink: 20, step: 1, non-selected.
Package microtype Info: Using default expansion set `alltext-nott'.
Package microtype Info: Patching command `\showhyphens'.
Package microtype Info: No adjustment of tracking.
Package microtype Info: No adjustment of interword spacing.
Package microtype Info: No adjustment of character kerning.

(C:\Users\Niclas Schwalbe\AppData\Local\Programs\MiKTeX\tex/latex/microtype\mt-
cmr.cfg
File: mt-cmr.cfg 2013/05/19 v2.2 microtype config. file: Computer Modern Roman 
(RS)
)
(C:\Users\Niclas Schwalbe\AppData\Local\Programs\MiKTeX\tex/latex/translations/
dicts\translations-basic-dictionary-german.trsl
File: translations-basic-dictionary-german.trsl (german translation file `trans
lations-basic-dictionary')
)
Package translations Info: loading dictionary `translations-basic-dictionary' f
or `german'. on input line 48.

(C:\Users\Niclas Schwalbe\AppData\Local\Programs\MiKTeX\tex/context/base/mkii\s
upp-pdf.mkii
[Loading MPS to PDF converter (version 2006.09.02).]
\scratchcounter=\count374
\scratchdimen=\dimen348
\scratchbox=\box81
\nofMPsegments=\count375
\nofMParguments=\count376
\everyMPshowfont=\toks49
\MPscratchCnt=\count377
\MPscratchDim=\dimen349
\MPnumerator=\count378
\makeMPintoPDFobject=\count379
\everyMPtoPDFconversion=\toks50
)
(C:\Users\Niclas Schwalbe\AppData\Local\Programs\MiKTeX\tex/latex/epstopdf-pkg\
epstopdf-base.sty
Package: epstopdf-base 2020-01-24 v2.11 Base part for package epstopdf
Package epstopdf-base Info: Redefining graphics rule for `.eps' on input line 4
85.

(C:\Users\Niclas Schwalbe\AppData\Local\Programs\MiKTeX\tex/latex/00miktex\epst
opdf-sys.cfg
File: epstopdf-sys.cfg 2021/03/18 v2.0 Configuration of epstopdf for MiKTeX
))
Package hyperref Info: Link coloring ON on input line 48.
 (main.out) (main.out)
\@outlinefile=\write4
\openout4 = `main.out'.


Package pgfplots notification 'compat/show suggested version=true': document ha
s been generated with the most recent feature set (\pgfplotsset{compat=1.18}).

LaTeX Font Info:    Trying to load font information for OT1+lmr on input line 5
0.
(C:\Users\Niclas Schwalbe\AppData\Local\Programs\MiKTeX\tex/latex/lm\ot1lmr.fd
File: ot1lmr.fd 2015/05/01 v1.6.1 Font defs for Latin Modern
)
LaTeX Font Info:    Trying to load font information for OML+lmm on input line 5
0.
(C:\Users\Niclas Schwalbe\AppData\Local\Programs\MiKTeX\tex/latex/lm\omllmm.fd
File: omllmm.fd 2015/05/01 v1.6.1 Font defs for Latin Modern
)
LaTeX Font Info:    Trying to load font information for OMS+lmsy on input line 
50.

(C:\Users\Niclas Schwalbe\AppData\Local\Programs\MiKTeX\tex/latex/lm\omslmsy.fd
File: omslmsy.fd 2015/05/01 v1.6.1 Font defs for Latin Modern
)
LaTeX Font Info:    Trying to load font information for OMX+lmex on input line 
50.

(C:\Users\Niclas Schwalbe\AppData\Local\Programs\MiKTeX\tex/latex/lm\omxlmex.fd
File: omxlmex.fd 2015/05/01 v1.6.1 Font defs for Latin Modern
)
LaTeX Font Info:    External font `lmex10' loaded for size
(Font)              <12> on input line 50.
LaTeX Font Info:    External font `lmex10' loaded for size
(Font)              <8> on input line 50.
LaTeX Font Info:    External font `lmex10' loaded for size
(Font)              <6> on input line 50.
LaTeX Font Info:    Trying to load font information for U+msa on input line 50.


(C:\Users\Niclas Schwalbe\AppData\Local\Programs\MiKTeX\tex/latex/amsfonts\umsa
.fd
File: umsa.fd 2013/01/14 v3.01 AMS symbols A
)
(C:\Users\Niclas Schwalbe\AppData\Local\Programs\MiKTeX\tex/latex/microtype\mt-
msa.cfg
File: mt-msa.cfg 2006/02/04 v1.1 microtype config. file: AMS symbols (a) (RS)
)
LaTeX Font Info:    Trying to load font information for U+msb on input line 50.


(C:\Users\Niclas Schwalbe\AppData\Local\Programs\MiKTeX\tex/latex/amsfonts\umsb
.fd
File: umsb.fd 2013/01/14 v3.01 AMS symbols B
)
(C:\Users\Niclas Schwalbe\AppData\Local\Programs\MiKTeX\tex/latex/microtype\mt-
msb.cfg
File: mt-msb.cfg 2005/06/01 v1.0 microtype config. file: AMS symbols (b) (RS)
) (kapitel/00-vorbemerkung.tex) (main.toc
LaTeX Font Info:    External font `lmex10' loaded for size
(Font)              <10.95> on input line 3.
 [1

{C:/Users/Niclas Schwalbe/AppData/Local/MiKTeX/fonts/map/pdftex/pdftex.map}{C:/
Users/Niclas Schwalbe/AppData/Local/Programs/MiKTeX/fonts/enc/dvips/lm/lm-ec.en
c}])
\tf@toc=\write5
\openout5 = `main.toc'.

 [2]
(kapitel/analoge-uebertragungsglieder.tex) (kapitel/typische-signale.tex
(figures/fig_signals.tex
PGFPlots: reading {data/signals_step_ramp_pulse.csv}
LaTeX Font Info:    External font `lmex10' loaded for size
(Font)              <10> on input line 21.
LaTeX Font Info:    External font `lmex10' loaded for size
(Font)              <7> on input line 21.
LaTeX Font Info:    External font `lmex10' loaded for size
(Font)              <5> on input line 21.
PGFPlots: reading {data/signals_step_ramp_pulse.csv}
PGFPlots: reading {data/signals_step_ramp_pulse.csv}
) [3{C:/Users/Niclas Schwalbe/AppData/Local/Programs/MiKTeX/fonts/enc/dvips/lm/
lm-mathit.enc}{C:/Users/Niclas Schwalbe/AppData/Local/Programs/MiKTeX/fonts/enc
/dvips/lm/lm-rm.enc}{C:/Users/Niclas Schwalbe/AppData/Local/Programs/MiKTeX/fon
ts/enc/dvips/lm/lm-mathsy.enc}{C:/Users/Niclas Schwalbe/AppData/Local/Programs/
MiKTeX/fonts/enc/dvips/lm/lm-mathex.enc}]
LaTeX Font Info:    Trying to load font information for TS1+lmr on input line 4
7.

(C:\Users\Niclas Schwalbe\AppData\Local\Programs\MiKTeX\tex/latex/lm\ts1lmr.fd
File: ts1lmr.fd 2015/05/01 v1.6.1 Font defs for Latin Modern
)) (kapitel/zeitbereich-beschreibung.tex [4{C:/Users/Niclas Schwalbe/AppData/Lo
cal/Programs/MiKTeX/fonts/enc/dvips/lm/lm-ts1.enc}])
(kapitel/laplace-uebertragungsfunktion.tex [5] (figures/fig_pt1_step.tex
PGFPlots: reading {data/pt1_step_K1_T1.csv}
)
[6]) (kapitel/frequenzbereich.tex
LaTeX Font Info:    Trying to load font information for T1+lmtt on input line 2
0.

(C:\Users\Niclas Schwalbe\AppData\Local\Programs\MiKTeX\tex/latex/lm\t1lmtt.fd
File: t1lmtt.fd 2015/05/01 v1.6.1 Font defs for Latin Modern
)
Package microtype Info: Loading generic protrusion settings for font family
(microtype)             `lmtt' (encoding: T1).
(microtype)             For optimal results, create family-specific settings.
(microtype)             See the microtype manual for details.
[7]) (kapitel/bode-diagramme.tex (figures/fig_pt1_bode.tex
Package pgfplots info on input line 17: Using 'lua backend=false' for axis: xmo
de=log unsupported (yet).
PGFPlots: reading {data/pt1_bode_K1_T1.csv}
Package pgfplots info on input line 21: Using 'lua backend=false' for axis: xmo
de=log unsupported (yet).
PGFPlots: reading {data/pt1_bode_K1_T1.csv}
) [8])
(kapitel/typische-lineare-uebertragungsglieder.tex [9]
(figures/fig_pt2_rlc_schwingkreis.tex
\absvshift=\dimen350
) [10] (figures/fig_pt2_step_multiD.tex
PGFPlots: reading {data/pt2_step_T1_K1_multiD.csv}
PGFPlots: reading {data/pt2_step_T1_K1_multiD.csv}
PGFPlots: reading {data/pt2_step_T1_K1_multiD.csv}
PGFPlots: reading {data/pt2_step_T1_K1_multiD.csv}
PGFPlots: reading {data/pt2_step_T1_K1_multiD.csv}
)
[11] (figures/fig_pt2_overshoot_vs_damping.tex
PGFPlots: reading {data/pt2_overshoot_vs_damping.csv}
) (figures/fig_pt2_mag_multiD.tex
Package pgfplots info on input line 18: Using 'lua backend=false' for axis: xmo
de=log unsupported (yet).
PGFPlots: reading {data/pt2_mag_bode_T1_K1_multiD.csv}
PGFPlots: reading {data/pt2_mag_bode_T1_K1_multiD.csv}
PGFPlots: reading {data/pt2_mag_bode_T1_K1_multiD.csv}
PGFPlots: reading {data/pt2_mag_bode_T1_K1_multiD.csv}
)) (kapitel/07-blockdiagramm-umformung.tex [12] [13] [14] [15])
(kapitel/einschleifiger-regelkreis.tex

Package pgf Warning: Returning node center instead of a point on node border. D
id you specify a point identical to the center of node ``bfb''? on input line 2
6.

[16]
Overfull \hbox (45.82321pt too wide) in paragraph at lines 66--75
 [] 
 []

) (kapitel/stabilitaet-linearer-regelkreise.tex [17] [18]
(figures/fig_nyquist_3lag.tex
<Abbildung7_neu_Paket_ZOOM/Abbildung7_neu_latex.pdf, id=425, 520.34402pt x 404.
712pt>
File: Abbildung7_neu_Paket_ZOOM/Abbildung7_neu_latex.pdf Graphic file (type pdf
)
<use Abbildung7_neu_Paket_ZOOM/Abbildung7_neu_latex.pdf>
Package pdftex.def Info: Abbildung7_neu_Paket_ZOOM/Abbildung7_neu_latex.pdf  us
ed on input line 4.
(pdftex.def)             Requested size: 377.85419pt x 293.89963pt.

Underfull \hbox (badness 4699) in paragraph at lines 9--9
[]\T1/lmr/m/n/10.95 (+20) Abbildung 8: []Nyquist-Ortskurven (Zoom um $\OT1/lmr/
m/n/10.95 (+20) (\OMS/lmsy/m/n/10.95 ^^@\OT1/lmr/m/n/10.95 (+20) 1\OML/lmm/m/it
/10.95 ; \OT1/lmr/m/n/10.95 (+20) 0)$\T1/lmr/m/n/10.95 (+20) ) der Kreis-ver-st
r-kung $\OML/lmm/m/it/10.95 G[]\OT1/lmr/m/n/10.95 (+20) (\OML/lmm/m/it/10.95 p
\OT1/lmr/m/n/10.95 (+20) ) =
 []

) [19 <./Abbildung7_neu_Paket_ZOOM/Abbildung7_neu_latex.pdf>] [20]
(figures/fig_stability_region_pi_pt2.tex
PGFPlots: reading {data/stab_region_polygon_PI_PT2_KS1_D0p5_T1.csv}
PGFPlots: reading {data/stab_region_PI_PT2_KS1_D0p5_T1.csv}
))
(kapitel/reglerstrukturen-realisierung.tex [21])
(kapitel/anhang-formelsammlung.tex) [22] (main.aux)
 ***********
LaTeX2e <2025-11-01>
L3 programming layer <2025-12-24>
 ***********
Package rerunfilecheck Info: File `main.out' has not changed.
(rerunfilecheck)             Checksum: 5E40A4BB3D2B8018A63AF36C231D414E;11995.
 ) 
Here is how much of TeX's memory you used:
 59970 strings out of 467871
 1553568 string characters out of 5413500
 4284950 words of memory out of 5000000
 87684 multiletter control sequences out of 15000+600000
 725975 words of font info for 233 fonts, out of 8000000 for 9000
 1141 hyphenation exceptions out of 8191
 84i,19n,94p,1003b,2775s stack positions out of 10000i,1000n,20000p,200000b,200000s
<C:/Users/Niclas Schwalbe/AppData/Local/Programs/MiKTeX/fonts/type1/public/lm
/lmbx10.pfb><C:/Users/Niclas Schwalbe/AppData/Local/Programs/MiKTeX/fonts/type1
/public/lm/lmbx12.pfb><C:/Users/Niclas Schwalbe/AppData/Local/Programs/MiKTeX/f
onts/type1/public/lm/lmex10.pfb><C:/Users/Niclas Schwalbe/AppData/Local/Program
s/MiKTeX/fonts/type1/public/lm/lmmi10.pfb><C:/Users/Niclas Schwalbe/AppData/Loc
al/Programs/MiKTeX/fonts/type1/public/lm/lmmi6.pfb><C:/Users/Niclas Schwalbe/Ap
pData/Local/Programs/MiKTeX/fonts/type1/public/lm/lmmi7.pfb><C:/Users/Niclas Sc
hwalbe/AppData/Local/Programs/MiKTeX/fonts/type1/public/lm/lmmi8.pfb><C:/Users/
Niclas Schwalbe/AppData/Local/Programs/MiKTeX/fonts/type1/public/lm/lmmib10.pfb
><C:/Users/Niclas Schwalbe/AppData/Local/Programs/MiKTeX/fonts/type1/public/lm/
lmr10.pfb><C:/Users/Niclas Schwalbe/AppData/Local/Programs/MiKTeX/fonts/type1/p
ublic/lm/lmr12.pfb><C:/Users/Niclas Schwalbe/AppData/Local/Programs/MiKTeX/font
s/type1/public/lm/lmr17.pfb><C:/Users/Niclas Schwalbe/AppData/Local/Programs/Mi
KTeX/fonts/type1/public/lm/lmr6.pfb><C:/Users/Niclas Schwalbe/AppData/Local/Pro
grams/MiKTeX/fonts/type1/public/lm/lmr7.pfb><C:/Users/Niclas Schwalbe/AppData/L
ocal/Programs/MiKTeX/fonts/type1/public/lm/lmr8.pfb><C:/Users/Niclas Schwalbe/A
ppData/Local/Programs/MiKTeX/fonts/type1/public/lm/lmr9.pfb><C:/Users/Niclas Sc
hwalbe/AppData/Local/Programs/MiKTeX/fonts/type1/public/lm/lmri10.pfb><C:/Users
/Niclas Schwalbe/AppData/Local/Programs/MiKTeX/fonts/type1/public/lm/lmsy10.pfb
><C:/Users/Niclas Schwalbe/AppData/Local/Programs/MiKTeX/fonts/type1/public/lm/
lmsy6.pfb><C:/Users/Niclas Schwalbe/AppData/Local/Programs/MiKTeX/fonts/type1/p
ublic/lm/lmsy7.pfb><C:/Users/Niclas Schwalbe/AppData/Local/Programs/MiKTeX/font
s/type1/public/lm/lmsy8.pfb><C:/Users/Niclas Schwalbe/AppData/Local/Programs/Mi
KTeX/fonts/type1/public/lm/lmtt10.pfb>
Output written on main.pdf (22 pages, 702969 bytes).
PDF statistics:
 675 PDF objects out of 1000 (max. 8388607)
 140 named destinations out of 1000 (max. 500000)
 54202 words of extra memory for PDF output out of 61914 (max. 10000000)

